TN:
SF:script/DeployBasicNft.s.sol
FN:8,DeployBasicNft.run
FNDA:3,DeployBasicNft.run
DA:9,3
DA:10,3
DA:11,3
DA:12,3
FNF:1
FNH:1
LF:4
LH:4
BRF:0
BRH:0
end_of_record
TN:
SF:script/DeployMoodNft.s.sol
FN:9,DeployMoodNft.run
FNDA:2,DeployMoodNft.run
DA:10,2
DA:11,2
DA:13,2
DA:14,2
DA:15,2
DA:16,2
FN:20,DeployMoodNft.svgToImageURI
FNDA:1,DeployMoodNft.svgToImageURI
DA:24,5
DA:28,5
DA:33,5
FNF:2
FNH:2
LF:9
LH:9
BRF:0
BRH:0
end_of_record
TN:
SF:script/Interactions.s.sol
FN:13,MintBasicNft.run
FNDA:0,MintBasicNft.run
DA:14,0
DA:15,0
FN:18,MintBasicNft.mintNftOnContract
FNDA:0,MintBasicNft.mintNftOnContract
DA:19,0
DA:20,0
DA:21,0
FN:26,MintMoodNft.run
FNDA:0,MintMoodNft.run
DA:27,0
DA:28,0
FN:31,MintMoodNft.mintNftOnContract
FNDA:0,MintMoodNft.mintNftOnContract
DA:32,0
DA:33,0
DA:34,0
FN:41,FlipMoodNft.run
FNDA:0,FlipMoodNft.run
DA:42,0
DA:43,0
FN:46,FlipMoodNft.flipMoodNft
FNDA:0,FlipMoodNft.flipMoodNft
DA:47,0
DA:48,0
DA:49,0
FNF:6
FNH:0
LF:15
LH:0
BRF:0
BRH:0
end_of_record
TN:
SF:src/BasicNft.sol
FN:10,BasicNft.
FNDA:0,BasicNft.
DA:11,0
FN:14,BasicNft.mintNft
FNDA:2,BasicNft.mintNft
DA:15,2
DA:16,2
DA:17,2
FN:20,BasicNft.tokenURI
FNDA:2,BasicNft.tokenURI
DA:21,2
FNF:3
FNH:2
LF:5
LH:4
BRF:0
BRH:0
end_of_record
TN:
SF:src/MoodNft.sol
FN:21,MoodNft.
FNDA:0,MoodNft.
DA:22,0
DA:23,0
DA:24,0
FN:27,MoodNft.mintNft
FNDA:3,MoodNft.mintNft
DA:28,3
DA:29,3
DA:30,3
FN:33,MoodNft._baseURI
FNDA:4,MoodNft._baseURI
DA:34,4
FN:37,MoodNft.tokenURI
FNDA:4,MoodNft.tokenURI
DA:38,4
DA:40,4
BRDA:40,0,0,2
BRDA:40,0,1,35
DA:41,2
DA:43,2
DA:45,4
FN:61,MoodNft.flipMood
FNDA:1,MoodNft.flipMood
DA:62,1
BRDA:62,1,0,-
BRDA:62,1,1,1
DA:63,0
DA:65,1
BRDA:65,2,0,-
BRDA:65,2,1,-
DA:66,1
DA:68,0
FNF:5
FNH:4
LF:17
LH:12
BRF:6
BRH:3
end_of_record
